2025-03-10 19:26:47,976 - DEBUG - 
def chunks(task, it, n):
    return 1

2025-03-10 19:26:47,977 - DEBUG - 
def unlock_chord(self, group_id, callback, interval=0, max_retries=1, result=2, Result=3, GroupResult=4, result_from_tuple=5, **kwargs):
    return 1

2025-03-10 19:26:47,977 - DEBUG - 
def group(self, tasks, result, group_id, partial_args, add_to_parent=0):
    return 1

2025-03-10 19:26:47,977 - DEBUG - 
def send_model_to_l3_async(updated_model_weights_l3):
    return 1

2025-03-10 19:26:47,977 - DEBUG - 
def xmap(task, it):
    return 1

2025-03-10 19:26:47,977 - DEBUG - 
def chain(*args, **kwargs):
    return 1

2025-03-10 19:26:47,977 - DEBUG - 
def backend_cleanup():
    return 1

2025-03-10 19:26:47,978 - DEBUG - 
def xstarmap(task, it):
    return 1

2025-03-10 19:26:47,978 - DEBUG - 
def send_model_to_l2_async(weights_payload):
    return 1

2025-03-10 19:26:47,978 - DEBUG - 
def chord(self, header, body, partial_args=0, interval=1, countdown=2, max_retries=3, eager=4, **kwargs):
    return 1

2025-03-10 19:26:47,978 - DEBUG - 
def accumulate(self, *args, **kwargs):
    return 1

2025-03-10 19:26:47,978 - DEBUG - 
def store_aggregated_weights_task(model_weights, model_name):
    return 1

